<?xml version="1.0" encoding="UTF-8"?>
<!-- Generated by org.testng.reporters.JUnitReportReporter -->
<testsuite skipped="0" hostname="LAPTOP-4PCTMNT8" name="testcases.CreditCard" tests="1" failures="0" timestamp="29 Apr 2023 05:14:27 GMT" time="0.005" errors="0">
  <testcase name="test4" time="0.005" classname="testcases.CreditCard"/>
</testsuite> <!-- testcases.CreditCard -->
