<?xml version="1.0" encoding="UTF-8"?>
<!-- Generated by org.testng.reporters.JUnitReportReporter -->
<testsuite skipped="0" hostname="LAPTOP-4PCTMNT8" name="testcases.CarLoanTest" tests="1" failures="0" timestamp="29 Apr 2023 04:17:13 GMT" time="0.004" errors="0">
  <testcase name="test3" time="0.004" classname="testcases.CarLoanTest"/>
</testsuite> <!-- testcases.CarLoanTest -->
